[debug] [2019-07-06T03:52:21.532Z] ----------------------------------------------------------------------
[debug] [2019-07-06T03:52:21.536Z] Command:       C:\Program Files\nodejs\node.exe C:\Users\M1044294\AppData\Roaming\npm\node_modules\firebase-tools\lib\bin\firebase.js deploy
[debug] [2019-07-06T03:52:21.536Z] CLI Version:   7.0.2
[debug] [2019-07-06T03:52:21.537Z] Platform:      win32
[debug] [2019-07-06T03:52:21.537Z] Node Version:  v8.11.4
[debug] [2019-07-06T03:52:21.538Z] Time:          Sat Jul 06 2019 09:22:21 GMT+0530 (India Standard Time)
[debug] [2019-07-06T03:52:21.538Z] ----------------------------------------------------------------------
[debug] 
[debug] [2019-07-06T03:52:21.558Z] > command requires scopes: ["email","openid","https://www.googleapis.com/auth/cloudplatformprojects.readonly","https://www.googleapis.com/auth/firebase","https://www.googleapis.com/auth/cloud-platform"]
[debug] [2019-07-06T03:52:21.559Z] > authorizing via signed-in user
[debug] [2019-07-06T03:52:21.559Z] [iam] checking project mockychat for permissions ["cloudfunctions.functions.create","cloudfunctions.functions.delete","cloudfunctions.functions.get","cloudfunctions.functions.list","cloudfunctions.functions.update","cloudfunctions.operations.get","datastore.indexes.create","datastore.indexes.delete","datastore.indexes.list","datastore.indexes.update","firebase.projects.get","firebasehosting.sites.update"]
[debug] [2019-07-06T03:52:21.564Z] >>> HTTP REQUEST POST https://cloudresourcemanager.googleapis.com/v1/projects/mockychat:testIamPermissions  

[debug] [2019-07-06T03:52:23.339Z] <<< HTTP RESPONSE 200
[debug] [2019-07-06T03:52:23.342Z] >>> HTTP REQUEST GET https://firebase.googleapis.com/v1beta1/projects/mockychat  
 
[debug] [2019-07-06T03:52:23.798Z] <<< HTTP RESPONSE 200
[warn] !  functions: package.json indicates an outdated version of firebase-functions.
 Please upgrade using npm install --save firebase-functions@latest in your functions directory.
[info] 
[info] === Deploying to 'mockychat'...
[info] 
[info] i  deploying firestore, functions, hosting
[info] Running command: npm --prefix "$RESOURCE_DIR" run lint
[info] Running command: npm --prefix "$RESOURCE_DIR" run build
[info] +  functions: Finished running predeploy script.
[info] i  firestore: checking firestore.rules for compilation errors...
[info] i  firestore: reading indexes from firestore.indexes.json...
[debug] [2019-07-06T03:52:37.685Z] >>> HTTP REQUEST POST https://firebaserules.googleapis.com/v1/projects/mockychat:test  

[debug] [2019-07-06T03:52:39.307Z] <<< HTTP RESPONSE 200
[info] +  firestore: rules file firestore.rules compiled successfully
[debug] [2019-07-06T03:52:39.312Z] > [functions] package.json contents: {
  "name": "functions",
  "scripts": {
    "lint": "tslint --project tsconfig.json",
    "build": "tsc",
    "serve": "npm run build && firebase serve --only functions",
    "shell": "npm run build && firebase functions:shell",
    "start": "npm run shell",
    "deploy": "firebase deploy --only functions",
    "logs": "firebase functions:log"
  },
  "main": "lib/index.js",
  "dependencies": {
    "firebase-admin": "~7.0.0",
    "firebase-functions": "^2.2.0"
  },
  "devDependencies": {
    "tslint": "^5.12.0",
    "typescript": "^3.2.2"
  },
  "private": true,
  "engines": {
    "node": "8"
  }
}
[info] i  functions: ensuring necessary APIs are enabled...
[debug] [2019-07-06T03:52:39.313Z] >>> HTTP REQUEST GET https://servicemanagement.googleapis.com/v1/services/cloudfunctions.googleapis.com/projectSettings/mockychat?view=CONSUMER_VIEW  
 
[debug] [2019-07-06T03:52:39.314Z] >>> HTTP REQUEST GET https://servicemanagement.googleapis.com/v1/services/runtimeconfig.googleapis.com/projectSettings/mockychat?view=CONSUMER_VIEW  
 
[debug] [2019-07-06T03:52:41.815Z] <<< HTTP RESPONSE 200
[info] +  functions: all necessary APIs are enabled
[debug] [2019-07-06T03:52:41.847Z] <<< HTTP RESPONSE 200
[debug] [2019-07-06T03:52:41.848Z] >>> HTTP REQUEST GET https://cloudresourcemanager.googleapis.com/v1/projects/mockychat  
 
[debug] [2019-07-06T03:52:43.480Z] <<< HTTP RESPONSE 200
[debug] [2019-07-06T03:52:43.481Z] >>> HTTP REQUEST GET https://mobilesdk-pa.googleapis.com/v1/projects/329854849342:getServerAppConfig  
 
[debug] [2019-07-06T03:52:43.950Z] <<< HTTP RESPONSE 200
[debug] [2019-07-06T03:52:43.952Z] >>> HTTP REQUEST POST https://firebasehosting.googleapis.com/v1beta1/sites/mockychat/versions  

[debug] [2019-07-06T03:52:47.534Z] <<< HTTP RESPONSE 200
[info] i  firestore: uploading rules firestore.rules...
[debug] [2019-07-06T03:52:47.540Z] >>> HTTP REQUEST POST https://firebaserules.googleapis.com/v1/projects/mockychat/rulesets  

[debug] [2019-07-06T03:52:47.541Z] >>> HTTP REQUEST GET https://firestore.googleapis.com/v1beta2/projects/mockychat/databases/(default)/collectionGroups/-/indexes  
 
[debug] [2019-07-06T03:52:48.847Z] <<< HTTP RESPONSE 200
[debug] [2019-07-06T03:52:48.848Z] >>> HTTP REQUEST GET https://firestore.googleapis.com/v1beta2/projects/mockychat/databases/(default)/collectionGroups/-/fields?filter=indexConfig.usesAncestorConfig=false  
 
[debug] [2019-07-06T03:52:49.107Z] <<< HTTP RESPONSE 200
[debug] [2019-07-06T03:52:49.107Z] [rules] created ruleset projects/mockychat/rulesets/1a9e3fc4-6017-47c6-b933-9934537290e3
[debug] [2019-07-06T03:52:50.059Z] <<< HTTP RESPONSE 200
[info] +  firestore: deployed indexes in firestore.indexes.json successfully
[info] i  functions: preparing functions directory for uploading...
[debug] [2019-07-06T03:52:50.065Z] >>> HTTP REQUEST GET https://runtimeconfig.googleapis.com/v1beta1/projects/mockychat/configs  
 
[debug] [2019-07-06T03:52:50.699Z] <<< HTTP RESPONSE 200
[info] i  functions: packaged functions (35.32 KB) for uploading
[debug] [2019-07-06T03:52:51.081Z] >>> HTTP REQUEST POST https://cloudfunctions.googleapis.com/v1/projects/mockychat/locations/us-central1/functions:generateUploadUrl  
 
[info] 

There was an issue deploying your functions. Verify that your project has a Google App Engine instance setup at https://console.cloud.google.com/appengine and try again. If this issue persists, please contact support.
[warn] !  functions: Upload Error: Server Error. getaddrinfo ENOTFOUND cloudfunctions.googleapis.com cloudfunctions.googleapis.com:443
[debug] [2019-07-06T03:53:02.467Z] Error: getaddrinfo ENOTFOUND cloudfunctions.googleapis.com cloudfunctions.googleapis.com:443
    at errnoException (dns.js:50:10)
    at GetAddrInfoReqWrap.onlookup [as oncomplete] (dns.js:92:26)
[error] 
[error] Error: Server Error. getaddrinfo ENOTFOUND cloudfunctions.googleapis.com cloudfunctions.googleapis.com:443
